app/build/intermediates/manifest_merge_blame_file/release/manifest-merger-blame-release-report.txt
1<?xml version="1.0" encoding="utf-8"?>
2<manifest xmlns:android="http://schemas.android.com/apk/res/android"
3    package="com.kappaapps.kappachat"
4    android:versionCode="1"
5    android:versionName="1.0" >
6
7    <uses-sdk
8        android:minSdkVersion="21"
8-->src/main/AndroidManifest.xml
9        android:targetSdkVersion="32" />
9-->src/main/AndroidManifest.xml
10
11    <uses-permission android:name="android.permission.ACCESS_WIFI_STATE" />
11-->src/main/AndroidManifest.xml:5:5-76
11-->src/main/AndroidManifest.xml:5:22-73
12    <uses-permission android:name="android.permission.ACCESS_NETWORK_STATE" />
12-->src/main/AndroidManifest.xml:6:2-76
12-->src/main/AndroidManifest.xml:6:19-73
13    <uses-permission android:name="android.permission.INTERNET" />
13-->src/main/AndroidManifest.xml:7:2-64
13-->src/main/AndroidManifest.xml:7:19-61
14    <uses-permission android:name="com.google.android.gms.permission.AD_ID" />
14-->src/main/AndroidManifest.xml:8:2-75
14-->src/main/AndroidManifest.xml:8:19-73
15    <uses-permission android:name="android.permission.EXTERNAL_STORAGE" />
15-->src/main/AndroidManifest.xml:9:5-75
15-->src/main/AndroidManifest.xml:9:22-72
16    <uses-permission android:name="android.permission.CAMERA" />
16-->src/main/AndroidManifest.xml:10:2-62
16-->src/main/AndroidManifest.xml:10:19-59
17
18    <uses-feature
18-->src/main/AndroidManifest.xml:11:2-13:32
19        android:name="android.hardware.camera"
19-->src/main/AndroidManifest.xml:12:6-44
20        android:required="false" />
20-->src/main/AndroidManifest.xml:13:6-30
21
22    <uses-permission android:name="android.permission.POST_NOTIFICATIONS" />
22-->[com.google.firebase:firebase-messaging:23.0.6] AndroidManifest.xml:26:5-77
22-->[com.google.firebase:firebase-messaging:23.0.6] AndroidManifest.xml:26:22-74
23    <uses-permission android:name="android.permission.WAKE_LOCK" /> <!-- Required by older versions of Google Play services to create IID tokens -->
23-->[com.google.firebase:firebase-messaging:23.0.6] AndroidManifest.xml:27:5-68
23-->[com.google.firebase:firebase-messaging:23.0.6] AndroidManifest.xml:27:22-65
24    <uses-permission android:name="com.google.android.c2dm.permission.RECEIVE" />
24-->[com.google.firebase:firebase-messaging:23.0.6] AndroidManifest.xml:29:5-82
24-->[com.google.firebase:firebase-messaging:23.0.6] AndroidManifest.xml:29:22-79
25    <uses-permission android:name="com.google.android.finsky.permission.BIND_GET_INSTALL_REFERRER_SERVICE" />
25-->[com.google.android.gms:play-services-measurement:21.0.0] AndroidManifest.xml:26:5-110
25-->[com.google.android.gms:play-services-measurement:21.0.0] AndroidManifest.xml:26:22-107
26
27    <application
27-->src/main/AndroidManifest.xml:15:5-78:19
28        android:allowBackup="true"
28-->src/main/AndroidManifest.xml:16:9-35
29        android:appComponentFactory="androidx.core.app.CoreComponentFactory"
29-->[androidx.core:core:1.7.0] AndroidManifest.xml:24:18-86
30        android:icon="@mipmap/ic_launcher"
30-->src/main/AndroidManifest.xml:17:9-43
31        android:label="@string/app_name"
31-->src/main/AndroidManifest.xml:18:9-41
32        android:roundIcon="@mipmap/ic_launcher_round"
32-->src/main/AndroidManifest.xml:19:9-54
33        android:supportsRtl="true"
33-->src/main/AndroidManifest.xml:20:9-35
34        android:theme="@style/Theme.Application"
34-->src/main/AndroidManifest.xml:21:9-49
35        android:usesCleartextTraffic="true" >
35-->src/main/AndroidManifest.xml:22:9-44
36        <activity
36-->src/main/AndroidManifest.xml:23:9-26:20
37            android:name="com.kappaapps.kappachat.Activities.MainActivity"
37-->src/main/AndroidManifest.xml:24:13-52
38            android:exported="true" >
38-->src/main/AndroidManifest.xml:25:13-36
39        </activity>
40        <activity
40-->src/main/AndroidManifest.xml:27:9-30:58
41            android:name="com.kappaapps.kappachat.Activities.OTPActivity"
41-->src/main/AndroidManifest.xml:28:13-51
42            android:exported="false"
42-->src/main/AndroidManifest.xml:29:13-37
43            android:windowSoftInputMode="stateVisible" />
43-->src/main/AndroidManifest.xml:30:13-55
44        <activity
44-->src/main/AndroidManifest.xml:31:9-40:20
45            android:name="com.kappaapps.kappachat.Activities.PhoneNumberActivity"
45-->src/main/AndroidManifest.xml:32:13-59
46            android:exported="true"
46-->src/main/AndroidManifest.xml:33:13-36
47            android:windowSoftInputMode="stateVisible" >
47-->src/main/AndroidManifest.xml:34:13-55
48            <intent-filter>
48-->src/main/AndroidManifest.xml:35:13-39:29
49                <action android:name="android.intent.action.MAIN" />
49-->src/main/AndroidManifest.xml:36:17-69
49-->src/main/AndroidManifest.xml:36:25-66
50
51                <category android:name="android.intent.category.LAUNCHER" />
51-->src/main/AndroidManifest.xml:38:17-77
51-->src/main/AndroidManifest.xml:38:27-74
52            </intent-filter>
53        </activity>
54        <activity
54-->src/main/AndroidManifest.xml:41:9-44:39
55            android:name="com.kappaapps.kappachat.Activities.ChatActivity"
55-->src/main/AndroidManifest.xml:42:13-52
56            android:exported="true"
56-->src/main/AndroidManifest.xml:44:13-36
57            android:theme="@style/Theme.ChatsApp.NoActionBar" />
57-->src/main/AndroidManifest.xml:43:13-62
58        <activity
58-->src/main/AndroidManifest.xml:45:9-47:39
59            android:name="com.kappaapps.kappachat.Activities.GroupChatActivity"
59-->src/main/AndroidManifest.xml:46:13-57
60            android:exported="true" />
60-->src/main/AndroidManifest.xml:47:13-36
61        <activity
61-->src/main/AndroidManifest.xml:48:9-50:40
62            android:name="com.kappaapps.kappachat.Activities.SetupProfileActivity"
62-->src/main/AndroidManifest.xml:49:13-60
63            android:exported="false" />
63-->src/main/AndroidManifest.xml:50:13-37
64
65        <meta-data
65-->src/main/AndroidManifest.xml:52:9-54:57
66            android:name="preloaded_fonts"
66-->src/main/AndroidManifest.xml:53:13-43
67            android:resource="@array/preloaded_fonts" />
67-->src/main/AndroidManifest.xml:54:13-54
68
69        <!--
70     Set custom default icon. This is used when no icon is set for incoming notification messages.
71     See README(https://goo.gl/l4GJaQ) for more.
72        -->
73        <meta-data
73-->src/main/AndroidManifest.xml:60:9-62:52
74            android:name="com.google.firebase.messaging.default_notification_icon"
74-->src/main/AndroidManifest.xml:61:13-83
75            android:resource="@drawable/ic_send" />
75-->src/main/AndroidManifest.xml:62:13-49
76        <!--
77             Set color used with incoming notification messages. This is used when no color is set for the incoming
78             notification message. See README(https://goo.gl/6BKBk7) for more.
79        -->
80        <meta-data
80-->src/main/AndroidManifest.xml:67:9-69:47
81            android:name="com.google.firebase.messaging.default_notification_color"
81-->src/main/AndroidManifest.xml:68:13-84
82            android:resource="@color/green" />
82-->src/main/AndroidManifest.xml:69:13-44
83
84        <service
84-->src/main/AndroidManifest.xml:71:9-77:19
85            android:name="com.kappaapps.kappachat.MyFirebaseService"
85-->src/main/AndroidManifest.xml:72:13-46
86            android:exported="false" >
86-->src/main/AndroidManifest.xml:73:13-37
87            <intent-filter>
87-->src/main/AndroidManifest.xml:74:13-76:29
88                <action android:name="com.google.firebase.MESSAGING_EVENT" />
88-->src/main/AndroidManifest.xml:75:17-78
88-->src/main/AndroidManifest.xml:75:25-75
89            </intent-filter>
90        </service>
91
92        <activity
92-->[com.google.firebase:firebase-auth:21.0.6] AndroidManifest.xml:27:9-44:20
93            android:name="com.google.firebase.auth.internal.GenericIdpActivity"
93-->[com.google.firebase:firebase-auth:21.0.6] AndroidManifest.xml:28:13-80
94            android:excludeFromRecents="true"
94-->[com.google.firebase:firebase-auth:21.0.6] AndroidManifest.xml:29:13-46
95            android:exported="true"
95-->[com.google.firebase:firebase-auth:21.0.6] AndroidManifest.xml:30:13-36
96            android:launchMode="singleTask"
96-->[com.google.firebase:firebase-auth:21.0.6] AndroidManifest.xml:31:13-44
97            android:theme="@android:style/Theme.Translucent.NoTitleBar" >
97-->[com.google.firebase:firebase-auth:21.0.6] AndroidManifest.xml:32:13-72
98            <intent-filter>
98-->[com.google.firebase:firebase-auth:21.0.6] AndroidManifest.xml:33:13-43:29
99                <action android:name="android.intent.action.VIEW" />
99-->[com.google.firebase:firebase-auth:21.0.6] AndroidManifest.xml:34:17-69
99-->[com.google.firebase:firebase-auth:21.0.6] AndroidManifest.xml:34:25-66
100
101                <category android:name="android.intent.category.DEFAULT" />
101-->[com.google.firebase:firebase-auth:21.0.6] AndroidManifest.xml:36:17-76
101-->[com.google.firebase:firebase-auth:21.0.6] AndroidManifest.xml:36:27-73
102                <category android:name="android.intent.category.BROWSABLE" />
102-->[com.google.firebase:firebase-auth:21.0.6] AndroidManifest.xml:37:17-78
102-->[com.google.firebase:firebase-auth:21.0.6] AndroidManifest.xml:37:27-75
103
104                <data
104-->[com.google.firebase:firebase-auth:21.0.6] AndroidManifest.xml:39:17-42:51
105                    android:host="firebase.auth"
105-->[com.google.firebase:firebase-auth:21.0.6] AndroidManifest.xml:40:21-49
106                    android:path="/"
106-->[com.google.firebase:firebase-auth:21.0.6] AndroidManifest.xml:41:21-37
107                    android:scheme="genericidp" />
107-->[com.google.firebase:firebase-auth:21.0.6] AndroidManifest.xml:42:21-48
108            </intent-filter>
109        </activity>
110        <activity
110-->[com.google.firebase:firebase-auth:21.0.6] AndroidManifest.xml:45:9-62:20
111            android:name="com.google.firebase.auth.internal.RecaptchaActivity"
111-->[com.google.firebase:firebase-auth:21.0.6] AndroidManifest.xml:46:13-79
112            android:excludeFromRecents="true"
112-->[com.google.firebase:firebase-auth:21.0.6] AndroidManifest.xml:47:13-46
113            android:exported="true"
113-->[com.google.firebase:firebase-auth:21.0.6] AndroidManifest.xml:48:13-36
114            android:launchMode="singleTask"
114-->[com.google.firebase:firebase-auth:21.0.6] AndroidManifest.xml:49:13-44
115            android:theme="@android:style/Theme.Translucent.NoTitleBar" >
115-->[com.google.firebase:firebase-auth:21.0.6] AndroidManifest.xml:50:13-72
116            <intent-filter>
116-->[com.google.firebase:firebase-auth:21.0.6] AndroidManifest.xml:51:13-61:29
117                <action android:name="android.intent.action.VIEW" />
117-->[com.google.firebase:firebase-auth:21.0.6] AndroidManifest.xml:34:17-69
117-->[com.google.firebase:firebase-auth:21.0.6] AndroidManifest.xml:34:25-66
118
119                <category android:name="android.intent.category.DEFAULT" />
119-->[com.google.firebase:firebase-auth:21.0.6] AndroidManifest.xml:36:17-76
119-->[com.google.firebase:firebase-auth:21.0.6] AndroidManifest.xml:36:27-73
120                <category android:name="android.intent.category.BROWSABLE" />
120-->[com.google.firebase:firebase-auth:21.0.6] AndroidManifest.xml:37:17-78
120-->[com.google.firebase:firebase-auth:21.0.6] AndroidManifest.xml:37:27-75
121
122                <data
122-->[com.google.firebase:firebase-auth:21.0.6] AndroidManifest.xml:39:17-42:51
123                    android:host="firebase.auth"
123-->[com.google.firebase:firebase-auth:21.0.6] AndroidManifest.xml:40:21-49
124                    android:path="/"
124-->[com.google.firebase:firebase-auth:21.0.6] AndroidManifest.xml:41:21-37
125                    android:scheme="recaptcha" />
125-->[com.google.firebase:firebase-auth:21.0.6] AndroidManifest.xml:42:21-48
126            </intent-filter>
127        </activity>
128
129        <service
129-->[com.google.firebase:firebase-auth:21.0.6] AndroidManifest.xml:64:9-70:19
130            android:name="com.google.firebase.components.ComponentDiscoveryService"
130-->[com.google.firebase:firebase-auth:21.0.6] AndroidManifest.xml:65:13-84
131            android:directBootAware="true"
131-->[com.google.firebase:firebase-common:20.1.1] AndroidManifest.xml:35:13-43
132            android:exported="false" >
132-->[com.google.firebase:firebase-auth:21.0.6] AndroidManifest.xml:66:13-37
133            <meta-data
133-->[com.google.firebase:firebase-auth:21.0.6] AndroidManifest.xml:67:13-69:85
134                android:name="com.google.firebase.components:com.google.firebase.auth.FirebaseAuthRegistrar"
134-->[com.google.firebase:firebase-auth:21.0.6] AndroidManifest.xml:68:17-109
135                android:value="com.google.firebase.components.ComponentRegistrar" />
135-->[com.google.firebase:firebase-auth:21.0.6] AndroidManifest.xml:69:17-82
136            <meta-data
136-->[com.google.firebase:firebase-messaging:23.0.6] AndroidManifest.xml:56:13-58:85
137                android:name="com.google.firebase.components:com.google.firebase.messaging.FirebaseMessagingRegistrar"
137-->[com.google.firebase:firebase-messaging:23.0.6] AndroidManifest.xml:57:17-119
138                android:value="com.google.firebase.components.ComponentRegistrar" />
138-->[com.google.firebase:firebase-messaging:23.0.6] AndroidManifest.xml:58:17-82
139            <meta-data
139-->[com.google.firebase:firebase-database:20.0.5] AndroidManifest.xml:32:13-34:85
140                android:name="com.google.firebase.components:com.google.firebase.database.DatabaseRegistrar"
140-->[com.google.firebase:firebase-database:20.0.5] AndroidManifest.xml:33:17-109
141                android:value="com.google.firebase.components.ComponentRegistrar" />
141-->[com.google.firebase:firebase-database:20.0.5] AndroidManifest.xml:34:17-82
142            <meta-data
142-->[com.google.firebase:firebase-storage:20.0.1] AndroidManifest.xml:33:13-35:85
143                android:name="com.google.firebase.components:com.google.firebase.storage.StorageRegistrar"
143-->[com.google.firebase:firebase-storage:20.0.1] AndroidManifest.xml:34:17-107
144                android:value="com.google.firebase.components.ComponentRegistrar" />
144-->[com.google.firebase:firebase-storage:20.0.1] AndroidManifest.xml:35:17-82
145            <meta-data
145-->[com.google.firebase:firebase-config:21.1.0] AndroidManifest.xml:32:13-34:85
146                android:name="com.google.firebase.components:com.google.firebase.remoteconfig.RemoteConfigRegistrar"
146-->[com.google.firebase:firebase-config:21.1.0] AndroidManifest.xml:33:17-117
147                android:value="com.google.firebase.components.ComponentRegistrar" />
147-->[com.google.firebase:firebase-config:21.1.0] AndroidManifest.xml:34:17-82
148            <meta-data
148-->[com.google.android.gms:play-services-measurement-api:21.0.0] AndroidManifest.xml:31:13-33:85
149                android:name="com.google.firebase.components:com.google.firebase.analytics.connector.internal.AnalyticsConnectorRegistrar"
149-->[com.google.android.gms:play-services-measurement-api:21.0.0] AndroidManifest.xml:32:17-139
150                android:value="com.google.firebase.components.ComponentRegistrar" />
150-->[com.google.android.gms:play-services-measurement-api:21.0.0] AndroidManifest.xml:33:17-82
151            <meta-data
151-->[com.google.firebase:firebase-datatransport:18.1.5] AndroidManifest.xml:28:13-30:85
152                android:name="com.google.firebase.components:com.google.firebase.datatransport.TransportRegistrar"
152-->[com.google.firebase:firebase-datatransport:18.1.5] AndroidManifest.xml:29:17-115
153                android:value="com.google.firebase.components.ComponentRegistrar" />
153-->[com.google.firebase:firebase-datatransport:18.1.5] AndroidManifest.xml:30:17-82
154            <meta-data
154-->[com.google.firebase:firebase-installations:17.0.1] AndroidManifest.xml:18:13-20:85
155                android:name="com.google.firebase.components:com.google.firebase.installations.FirebaseInstallationsRegistrar"
155-->[com.google.firebase:firebase-installations:17.0.1] AndroidManifest.xml:19:17-127
156                android:value="com.google.firebase.components.ComponentRegistrar" />
156-->[com.google.firebase:firebase-installations:17.0.1] AndroidManifest.xml:20:17-82
157            <meta-data
157-->[com.google.firebase:firebase-abt:21.0.1] AndroidManifest.xml:13:13-15:85
158                android:name="com.google.firebase.components:com.google.firebase.abt.component.AbtRegistrar"
158-->[com.google.firebase:firebase-abt:21.0.1] AndroidManifest.xml:14:17-109
159                android:value="com.google.firebase.components.ComponentRegistrar" />
159-->[com.google.firebase:firebase-abt:21.0.1] AndroidManifest.xml:15:17-82
160        </service>
161
162        <receiver
162-->[com.google.firebase:firebase-messaging:23.0.6] AndroidManifest.xml:32:9-39:20
163            android:name="com.google.firebase.iid.FirebaseInstanceIdReceiver"
163-->[com.google.firebase:firebase-messaging:23.0.6] AndroidManifest.xml:33:13-78
164            android:exported="true"
164-->[com.google.firebase:firebase-messaging:23.0.6] AndroidManifest.xml:34:13-36
165            android:permission="com.google.android.c2dm.permission.SEND" >
165-->[com.google.firebase:firebase-messaging:23.0.6] AndroidManifest.xml:35:13-73
166            <intent-filter>
166-->[com.google.firebase:firebase-messaging:23.0.6] AndroidManifest.xml:36:13-38:29
167                <action android:name="com.google.android.c2dm.intent.RECEIVE" />
167-->[com.google.firebase:firebase-messaging:23.0.6] AndroidManifest.xml:37:17-81
167-->[com.google.firebase:firebase-messaging:23.0.6] AndroidManifest.xml:37:25-78
168            </intent-filter>
169        </receiver>
170        <!--
171             FirebaseMessagingService performs security checks at runtime,
172             but set to not exported to explicitly avoid allowing another app to call it.
173        -->
174        <service
174-->[com.google.firebase:firebase-messaging:23.0.6] AndroidManifest.xml:45:9-52:19
175            android:name="com.google.firebase.messaging.FirebaseMessagingService"
175-->[com.google.firebase:firebase-messaging:23.0.6] AndroidManifest.xml:46:13-82
176            android:directBootAware="true"
176-->[com.google.firebase:firebase-messaging:23.0.6] AndroidManifest.xml:47:13-43
177            android:exported="false" >
177-->[com.google.firebase:firebase-messaging:23.0.6] AndroidManifest.xml:48:13-37
178            <intent-filter android:priority="-500" >
178-->src/main/AndroidManifest.xml:74:13-76:29
179                <action android:name="com.google.firebase.MESSAGING_EVENT" />
179-->src/main/AndroidManifest.xml:75:17-78
179-->src/main/AndroidManifest.xml:75:25-75
180            </intent-filter>
181        </service>
182
183        <receiver
183-->[com.google.android.gms:play-services-measurement:21.0.0] AndroidManifest.xml:29:9-33:20
184            android:name="com.google.android.gms.measurement.AppMeasurementReceiver"
184-->[com.google.android.gms:play-services-measurement:21.0.0] AndroidManifest.xml:30:13-85
185            android:enabled="true"
185-->[com.google.android.gms:play-services-measurement:21.0.0] AndroidManifest.xml:31:13-35
186            android:exported="false" >
186-->[com.google.android.gms:play-services-measurement:21.0.0] AndroidManifest.xml:32:13-37
187        </receiver>
188
189        <service
189-->[com.google.android.gms:play-services-measurement:21.0.0] AndroidManifest.xml:35:9-38:40
190            android:name="com.google.android.gms.measurement.AppMeasurementService"
190-->[com.google.android.gms:play-services-measurement:21.0.0] AndroidManifest.xml:36:13-84
191            android:enabled="true"
191-->[com.google.android.gms:play-services-measurement:21.0.0] AndroidManifest.xml:37:13-35
192            android:exported="false" />
192-->[com.google.android.gms:play-services-measurement:21.0.0] AndroidManifest.xml:38:13-37
193        <service
193-->[com.google.android.gms:play-services-measurement:21.0.0] AndroidManifest.xml:39:9-43:72
194            android:name="com.google.android.gms.measurement.AppMeasurementJobService"
194-->[com.google.android.gms:play-services-measurement:21.0.0] AndroidManifest.xml:40:13-87
195            android:enabled="true"
195-->[com.google.android.gms:play-services-measurement:21.0.0] AndroidManifest.xml:41:13-35
196            android:exported="false"
196-->[com.google.android.gms:play-services-measurement:21.0.0] AndroidManifest.xml:42:13-37
197            android:permission="android.permission.BIND_JOB_SERVICE" />
197-->[com.google.android.gms:play-services-measurement:21.0.0] AndroidManifest.xml:43:13-69
198
199        <provider
199-->[com.google.firebase:firebase-common:20.1.1] AndroidManifest.xml:26:9-31:39
200            android:name="com.google.firebase.provider.FirebaseInitProvider"
200-->[com.google.firebase:firebase-common:20.1.1] AndroidManifest.xml:27:13-77
201            android:authorities="com.kappaapps.kappachat.firebaseinitprovider"
201-->[com.google.firebase:firebase-common:20.1.1] AndroidManifest.xml:28:13-72
202            android:directBootAware="true"
202-->[com.google.firebase:firebase-common:20.1.1] AndroidManifest.xml:29:13-43
203            android:exported="false"
203-->[com.google.firebase:firebase-common:20.1.1] AndroidManifest.xml:30:13-37
204            android:initOrder="100" />
204-->[com.google.firebase:firebase-common:20.1.1] AndroidManifest.xml:31:13-36
205
206        <activity
206-->[com.google.android.gms:play-services-base:18.0.1] AndroidManifest.xml:20:9-22:45
207            android:name="com.google.android.gms.common.api.GoogleApiActivity"
207-->[com.google.android.gms:play-services-base:18.0.1] AndroidManifest.xml:20:19-85
208            android:exported="false"
208-->[com.google.android.gms:play-services-base:18.0.1] AndroidManifest.xml:22:19-43
209            android:theme="@android:style/Theme.Translucent.NoTitleBar" />
209-->[com.google.android.gms:play-services-base:18.0.1] AndroidManifest.xml:21:19-78
210
211        <meta-data
211-->[com.google.android.gms:play-services-basement:18.0.0] AndroidManifest.xml:21:9-23:69
212            android:name="com.google.android.gms.version"
212-->[com.google.android.gms:play-services-basement:18.0.0] AndroidManifest.xml:22:13-58
213            android:value="@integer/google_play_services_version" />
213-->[com.google.android.gms:play-services-basement:18.0.0] AndroidManifest.xml:23:13-66
214
215        <provider
215-->[androidx.emoji2:emoji2:1.0.0] AndroidManifest.xml:26:9-34:20
216            android:name="androidx.startup.InitializationProvider"
216-->[androidx.emoji2:emoji2:1.0.0] AndroidManifest.xml:27:13-67
217            android:authorities="com.kappaapps.kappachat.androidx-startup"
217-->[androidx.emoji2:emoji2:1.0.0] AndroidManifest.xml:28:13-68
218            android:exported="false" >
218-->[androidx.emoji2:emoji2:1.0.0] AndroidManifest.xml:29:13-37
219            <meta-data
219-->[androidx.emoji2:emoji2:1.0.0] AndroidManifest.xml:31:13-33:52
220                android:name="androidx.emoji2.text.EmojiCompatInitializer"
220-->[androidx.emoji2:emoji2:1.0.0] AndroidManifest.xml:32:17-75
221                android:value="androidx.startup" />
221-->[androidx.emoji2:emoji2:1.0.0] AndroidManifest.xml:33:17-49
222            <meta-data
222-->[androidx.lifecycle:lifecycle-process:2.4.0] AndroidManifest.xml:31:13-33:52
223                android:name="androidx.lifecycle.ProcessLifecycleInitializer"
223-->[androidx.lifecycle:lifecycle-process:2.4.0] AndroidManifest.xml:32:17-78
224                android:value="androidx.startup" />
224-->[androidx.lifecycle:lifecycle-process:2.4.0] AndroidManifest.xml:33:17-49
225        </provider>
226
227        <service
227-->[com.google.android.datatransport:transport-backend-cct:3.1.6] AndroidManifest.xml:29:9-35:19
228            android:name="com.google.android.datatransport.runtime.backends.TransportBackendDiscovery"
228-->[com.google.android.datatransport:transport-backend-cct:3.1.6] AndroidManifest.xml:30:13-103
229            android:exported="false" >
229-->[com.google.android.datatransport:transport-backend-cct:3.1.6] AndroidManifest.xml:31:13-37
230            <meta-data
230-->[com.google.android.datatransport:transport-backend-cct:3.1.6] AndroidManifest.xml:32:13-34:39
231                android:name="backend:com.google.android.datatransport.cct.CctBackendFactory"
231-->[com.google.android.datatransport:transport-backend-cct:3.1.6] AndroidManifest.xml:33:17-94
232                android:value="cct" />
232-->[com.google.android.datatransport:transport-backend-cct:3.1.6] AndroidManifest.xml:34:17-36
233        </service>
234        <service
234-->[com.google.android.datatransport:transport-runtime:3.1.6] AndroidManifest.xml:26:9-30:19
235            android:name="com.google.android.datatransport.runtime.scheduling.jobscheduling.JobInfoSchedulerService"
235-->[com.google.android.datatransport:transport-runtime:3.1.6] AndroidManifest.xml:27:13-117
236            android:exported="false"
236-->[com.google.android.datatransport:transport-runtime:3.1.6] AndroidManifest.xml:28:13-37
237            android:permission="android.permission.BIND_JOB_SERVICE" >
237-->[com.google.android.datatransport:transport-runtime:3.1.6] AndroidManifest.xml:29:13-69
238        </service>
239
240        <receiver
240-->[com.google.android.datatransport:transport-runtime:3.1.6] AndroidManifest.xml:32:9-34:40
241            android:name="com.google.android.datatransport.runtime.scheduling.jobscheduling.AlarmManagerSchedulerBroadcastReceiver"
241-->[com.google.android.datatransport:transport-runtime:3.1.6] AndroidManifest.xml:33:13-132
242            android:exported="false" />
242-->[com.google.android.datatransport:transport-runtime:3.1.6] AndroidManifest.xml:34:13-37
243    </application>
244
245</manifest>